Compiling the CXX compiler identification source file "CMakeCXXCompilerId.cpp" failed.
Compiler: CMAKE_CXX_COMPILER-NOTFOUND 
Build flags: 
Id flags:  

The output was:
No such file or directory


Compiling the CXX compiler identification source file "CMakeCXXCompilerId.cpp" failed.
Compiler: CMAKE_CXX_COMPILER-NOTFOUND 
Build flags: 
Id flags: -c 

The output was:
No such file or directory


Compiling the CXX compiler identification source file "CMakeCXXCompilerId.cpp" failed.
Compiler: CMAKE_CXX_COMPILER-NOTFOUND 
Build flags: 
Id flags: --c++ 

The output was:
No such file or directory


Compiling the CXX compiler identification source file "CMakeCXXCompilerId.cpp" failed.
Compiler: CMAKE_CXX_COMPILER-NOTFOUND 
Build flags: 
Id flags: --ec++ 

The output was:
No such file or directory


Compiling the CXX compiler identification source file "CMakeCXXCompilerId.cpp" failed.
Compiler: CMAKE_CXX_COMPILER-NOTFOUND 
Build flags: 
Id flags: --target=arm-arm-none-eabi;-mcpu=cortex-m3 

The output was:
No such file or directory


Compiling the CXX compiler identification source file "CMakeCXXCompilerId.cpp" failed.
Compiler: CMAKE_CXX_COMPILER-NOTFOUND 
Build flags: 
Id flags:  

The output was:
No such file or directory


Compiling the CXX compiler identification source file "CMakeCXXCompilerId.cpp" failed.
Compiler: CMAKE_CXX_COMPILER-NOTFOUND 
Build flags: 
Id flags: -c 

The output was:
No such file or directory


Compiling the CXX compiler identification source file "CMakeCXXCompilerId.cpp" failed.
Compiler: CMAKE_CXX_COMPILER-NOTFOUND 
Build flags: 
Id flags: --c++ 

The output was:
No such file or directory


Compiling the CXX compiler identification source file "CMakeCXXCompilerId.cpp" failed.
Compiler: CMAKE_CXX_COMPILER-NOTFOUND 
Build flags: 
Id flags: --ec++ 

The output was:
No such file or directory


Compiling the CXX compiler identification source file "CMakeCXXCompilerId.cpp" failed.
Compiler: CMAKE_CXX_COMPILER-NOTFOUND 
Build flags: 
Id flags: --target=arm-arm-none-eabi;-mcpu=cortex-m3 

The output was:
No such file or directory


Performing C SOURCE FILE Test CMAKE_HAVE_LIBC_PTHREAD failed with the following output:
Change Dir: /home/wleeuw/Desktop/project/2IMS00_SVM/build/CMakeFiles/CMakeTmp

Run Build Command(s):/usr/bin/make cmTC_109d6/fast && /usr/bin/make -f CMakeFiles/cmTC_109d6.dir/build.make CMakeFiles/cmTC_109d6.dir/build
make[1]: Entering directory '/home/wleeuw/Desktop/project/2IMS00_SVM/build/CMakeFiles/CMakeTmp'
Building C object CMakeFiles/cmTC_109d6.dir/src.c.o
/usr/bin/cc   -DCMAKE_HAVE_LIBC_PTHREAD   -o CMakeFiles/cmTC_109d6.dir/src.c.o   -c /home/wleeuw/Desktop/project/2IMS00_SVM/build/CMakeFiles/CMakeTmp/src.c
Linking C executable cmTC_109d6
/usr/bin/cmake -E cmake_link_script CMakeFiles/cmTC_109d6.dir/link.txt --verbose=1
/usr/bin/cc  -DCMAKE_HAVE_LIBC_PTHREAD    CMakeFiles/cmTC_109d6.dir/src.c.o  -o cmTC_109d6 
/usr/bin/ld: CMakeFiles/cmTC_109d6.dir/src.c.o: in function `main':
src.c:(.text+0x46): undefined reference to `pthread_create'
/usr/bin/ld: src.c:(.text+0x52): undefined reference to `pthread_detach'
/usr/bin/ld: src.c:(.text+0x63): undefined reference to `pthread_join'
collect2: error: ld returned 1 exit status
make[1]: *** [CMakeFiles/cmTC_109d6.dir/build.make:87: cmTC_109d6] Error 1
make[1]: Leaving directory '/home/wleeuw/Desktop/project/2IMS00_SVM/build/CMakeFiles/CMakeTmp'
make: *** [Makefile:121: cmTC_109d6/fast] Error 2


Source file was:
#include <pthread.h>

void* test_func(void* data)
{
  return data;
}

int main(void)
{
  pthread_t thread;
  pthread_create(&thread, NULL, test_func, NULL);
  pthread_detach(thread);
  pthread_join(thread, NULL);
  pthread_atfork(NULL, NULL, NULL);
  pthread_exit(NULL);

  return 0;
}

Determining if the function pthread_create exists in the pthreads failed with the following output:
Change Dir: /home/wleeuw/Desktop/project/2IMS00_SVM/build/CMakeFiles/CMakeTmp

Run Build Command(s):/usr/bin/make cmTC_f323f/fast && /usr/bin/make -f CMakeFiles/cmTC_f323f.dir/build.make CMakeFiles/cmTC_f323f.dir/build
make[1]: Entering directory '/home/wleeuw/Desktop/project/2IMS00_SVM/build/CMakeFiles/CMakeTmp'
Building C object CMakeFiles/cmTC_f323f.dir/CheckFunctionExists.c.o
/usr/bin/cc   -DCHECK_FUNCTION_EXISTS=pthread_create   -o CMakeFiles/cmTC_f323f.dir/CheckFunctionExists.c.o   -c /usr/share/cmake-3.16/Modules/CheckFunctionExists.c
Linking C executable cmTC_f323f
/usr/bin/cmake -E cmake_link_script CMakeFiles/cmTC_f323f.dir/link.txt --verbose=1
/usr/bin/cc  -DCHECK_FUNCTION_EXISTS=pthread_create    CMakeFiles/cmTC_f323f.dir/CheckFunctionExists.c.o  -o cmTC_f323f  -lpthreads 
/usr/bin/ld: cannot find -lpthreads
collect2: error: ld returned 1 exit status
make[1]: *** [CMakeFiles/cmTC_f323f.dir/build.make:87: cmTC_f323f] Error 1
make[1]: Leaving directory '/home/wleeuw/Desktop/project/2IMS00_SVM/build/CMakeFiles/CMakeTmp'
make: *** [Makefile:121: cmTC_f323f/fast] Error 2



